<?xml version="1.0" encoding="UTF-8"?>
<testsuite name="cookies.MasterOrderTest" tests="1" skipped="0" failures="0" errors="0" timestamp="2022-08-15T07:14:14" hostname="DIADESKTOP" time="0.016">
  <properties/>
  <testcase name="shouldReturnTotalBoxesOfOne()" classname="cookies.MasterOrderTest" time="0.016"/>
  <system-out><![CDATA[]]></system-out>
  <system-err><![CDATA[]]></system-err>
</testsuite>
